[debug] [2021-01-09T16:28:38.020Z] ----------------------------------------------------------------------
[debug] [2021-01-09T16:28:38.022Z] Command:       /usr/local/bin/node /usr/local/bin/firebase serve
[debug] [2021-01-09T16:28:38.022Z] CLI Version:   9.1.2
[debug] [2021-01-09T16:28:38.022Z] Platform:      darwin
[debug] [2021-01-09T16:28:38.023Z] Node Version:  v12.18.3
[debug] [2021-01-09T16:28:38.024Z] Time:          Sat Jan 09 2021 19:28:38 GMT+0300 (GMT+03:00)
[debug] [2021-01-09T16:28:38.024Z] ----------------------------------------------------------------------
[debug] [2021-01-09T16:28:38.024Z] 
[debug] [2021-01-09T16:28:38.030Z] > command requires scopes: ["email","openid","https://www.googleapis.com/auth/cloudplatformprojects.readonly","https://www.googleapis.com/auth/firebase","https://www.googleapis.com/auth/cloud-platform"]
[debug] [2021-01-09T16:28:38.031Z] > authorizing via signed-in user
[debug] [2021-01-09T16:28:38.031Z] [iam] checking project votenow-e5dc8 for permissions ["firebase.projects.get"]
[debug] [2021-01-09T16:28:38.033Z] >>> HTTP REQUEST POST https://cloudresourcemanager.googleapis.com/v1/projects/votenow-e5dc8:testIamPermissions  
 {"permissions":["firebase.projects.get"]}
[debug] [2021-01-09T16:28:39.091Z] <<< HTTP RESPONSE 200 {"content-type":"application/json; charset=UTF-8","vary":"X-Origin, Referer, Origin,Accept-Encoding","date":"Sat, 09 Jan 2021 16:28:39 GMT","server":"ESF","cache-control":"private","x-xss-protection":"0","x-frame-options":"SAMEORIGIN","x-content-type-options":"nosniff","server-timing":"gfet4t7; dur=775","alt-svc":"h3-29=\":443\"; ma=2592000,h3-T051=\":443\"; ma=2592000,h3-Q050=\":443\"; ma=2592000,h3-Q046=\":443\"; ma=2592000,h3-Q043=\":443\"; ma=2592000,quic=\":443\"; ma=2592000; v=\"46,43\"","accept-ranges":"none","transfer-encoding":"chunked"}
[debug] [2021-01-09T16:28:39.093Z] >>> HTTP REQUEST GET https://firebase.googleapis.com/v1beta1/projects/votenow-e5dc8  
 
[debug] [2021-01-09T16:28:39.434Z] <<< HTTP RESPONSE 200 {"content-type":"application/json; charset=UTF-8","vary":"X-Origin, Referer, Origin,Accept-Encoding","date":"Sat, 09 Jan 2021 16:28:39 GMT","server":"ESF","cache-control":"private","x-xss-protection":"0","x-frame-options":"SAMEORIGIN","x-content-type-options":"nosniff","alt-svc":"h3-29=\":443\"; ma=2592000,h3-T051=\":443\"; ma=2592000,h3-Q050=\":443\"; ma=2592000,h3-Q046=\":443\"; ma=2592000,h3-Q043=\":443\"; ma=2592000,quic=\":443\"; ma=2592000; v=\"46,43\"","accept-ranges":"none","transfer-encoding":"chunked"}
[info] 
[info] === Serving from '/Users/berkturan/Documents/GitHub/VoteNow/api'...
[info] 
[info] ✔  functions: Using node@12 from host. {"metadata":{"emulator":{"name":"functions"},"message":"Using node@12 from host."}}
[debug] [2021-01-09T16:28:39.449Z] defaultcredentials: writing to file /Users/berkturan/.config/firebase/turannberk34_gmail_com_application_default_credentials.json
[debug] [2021-01-09T16:28:39.453Z] Setting GAC to /Users/berkturan/.config/firebase/turannberk34_gmail_com_application_default_credentials.json {"metadata":{"emulator":{"name":"functions"},"message":"Setting GAC to /Users/berkturan/.config/firebase/turannberk34_gmail_com_application_default_credentials.json"}}
[debug] [2021-01-09T16:28:39.454Z] > refreshing access token with scopes: []
[debug] [2021-01-09T16:28:39.455Z] >>> HTTP REQUEST POST https://www.googleapis.com/oauth2/v3/token  
 <request body omitted>
[debug] [2021-01-09T16:28:39.709Z] <<< HTTP RESPONSE 200 {"date":"Sat, 09 Jan 2021 16:28:39 GMT","pragma":"no-cache","cache-control":"no-cache, no-store, max-age=0, must-revalidate","expires":"Mon, 01 Jan 1990 00:00:00 GMT","content-type":"application/json; charset=utf-8","vary":"X-Origin, Referer, Origin,Accept-Encoding","server":"scaffolding on HTTPServer2","x-xss-protection":"0","x-frame-options":"SAMEORIGIN","x-content-type-options":"nosniff","alt-svc":"h3-29=\":443\"; ma=2592000,h3-T051=\":443\"; ma=2592000,h3-Q050=\":443\"; ma=2592000,h3-Q046=\":443\"; ma=2592000,h3-Q043=\":443\"; ma=2592000,quic=\":443\"; ma=2592000; v=\"46,43\"","accept-ranges":"none","transfer-encoding":"chunked"}
[debug] [2021-01-09T16:28:39.725Z] >>> [apiv2][query] GET https://firebase.googleapis.com/v1beta1/projects/votenow-e5dc8/adminSdkConfig [none]
[debug] [2021-01-09T16:28:40.248Z] <<< [apiv2][status] GET https://firebase.googleapis.com/v1beta1/projects/votenow-e5dc8/adminSdkConfig 200
[debug] [2021-01-09T16:28:40.248Z] <<< [apiv2][body] GET https://firebase.googleapis.com/v1beta1/projects/votenow-e5dc8/adminSdkConfig {"projectId":"votenow-e5dc8","storageBucket":"votenow-e5dc8.appspot.com","locationId":"us-central"}
[info] i  functions: Watching "/Users/berkturan/Documents/GitHub/VoteNow/api/functions" for Cloud Functions... {"metadata":{"emulator":{"name":"functions"},"message":"Watching \"/Users/berkturan/Documents/GitHub/VoteNow/api/functions\" for Cloud Functions..."}}
[debug] [2021-01-09T16:28:40.270Z] [worker-pool] addWorker(~diagnostic~) {"metadata":{"emulator":{"name":"functions"},"message":"[worker-pool] addWorker(~diagnostic~)"}}
[debug] [2021-01-09T16:28:40.270Z] [worker-pool] Adding worker with key ~diagnostic~, total=1 {"metadata":{"emulator":{"name":"functions"},"message":"[worker-pool] Adding worker with key ~diagnostic~, total=1"}}
[debug] [2021-01-09T16:28:40.270Z] [worker-pool] submitWork(triggerId=) {"metadata":{"emulator":{"name":"functions"},"message":"[worker-pool] submitWork(triggerId=)"}}
[debug] [2021-01-09T16:28:40.271Z] [worker-~diagnostic~-29b27ddd-df89-460d-a122-8ed9cca2949a]: Assigning socketPath: /var/folders/f8/mnlbh161585_4785c_q19v1r0000gn/T/fire_emu_64341.sock {"metadata":{"emulator":{"name":"functions"},"message":"[worker-~diagnostic~-29b27ddd-df89-460d-a122-8ed9cca2949a]: Assigning socketPath: /var/folders/f8/mnlbh161585_4785c_q19v1r0000gn/T/fire_emu_64341.sock"}}
[debug] [2021-01-09T16:28:40.271Z] [worker-~diagnostic~-29b27ddd-df89-460d-a122-8ed9cca2949a]: BUSY {"metadata":{"emulator":{"name":"functions"},"message":"[worker-~diagnostic~-29b27ddd-df89-460d-a122-8ed9cca2949a]: BUSY"}}
[debug] [2021-01-09T16:28:40.508Z] [runtime-status] [64341] Functions runtime initialized. {"cwd":"/Users/berkturan/Documents/GitHub/VoteNow/api/functions","node_version":"12.18.3"} {"metadata":{"emulator":{"name":"functions"},"message":"[runtime-status] [64341] Functions runtime initialized. {\"cwd\":\"/Users/berkturan/Documents/GitHub/VoteNow/api/functions\",\"node_version\":\"12.18.3\"}"}}
[debug] [2021-01-09T16:28:40.508Z] [runtime-status] [64341] Disabled runtime features: undefined {"metadata":{"emulator":{"name":"functions"},"message":"[runtime-status] [64341] Disabled runtime features: undefined"}}
[debug] [2021-01-09T16:28:40.511Z] [runtime-status] [64341] Resolved module firebase-admin {"declared":true,"installed":true,"version":"9.4.2","resolution":"/Users/berkturan/Documents/GitHub/VoteNow/api/functions/node_modules/firebase-admin/lib/index.js"} {"metadata":{"emulator":{"name":"functions"},"message":"[runtime-status] [64341] Resolved module firebase-admin {\"declared\":true,\"installed\":true,\"version\":\"9.4.2\",\"resolution\":\"/Users/berkturan/Documents/GitHub/VoteNow/api/functions/node_modules/firebase-admin/lib/index.js\"}"}}
[debug] [2021-01-09T16:28:40.514Z] [runtime-status] [64341] Resolved module firebase-functions {"declared":true,"installed":true,"version":"3.13.0","resolution":"/Users/berkturan/Documents/GitHub/VoteNow/api/functions/node_modules/firebase-functions/lib/index.js"} {"metadata":{"emulator":{"name":"functions"},"message":"[runtime-status] [64341] Resolved module firebase-functions {\"declared\":true,\"installed\":true,\"version\":\"3.13.0\",\"resolution\":\"/Users/berkturan/Documents/GitHub/VoteNow/api/functions/node_modules/firebase-functions/lib/index.js\"}"}}
[debug] [2021-01-09T16:28:40.515Z] [runtime-status] [64341] Resolved module firebase-functions {"declared":true,"installed":true,"version":"3.13.0","resolution":"/Users/berkturan/Documents/GitHub/VoteNow/api/functions/node_modules/firebase-functions/lib/index.js"} {"metadata":{"emulator":{"name":"functions"},"message":"[runtime-status] [64341] Resolved module firebase-functions {\"declared\":true,\"installed\":true,\"version\":\"3.13.0\",\"resolution\":\"/Users/berkturan/Documents/GitHub/VoteNow/api/functions/node_modules/firebase-functions/lib/index.js\"}"}}
[debug] [2021-01-09T16:28:40.517Z] [runtime-status] [64341] Outgoing network have been stubbed. [{"name":"http","status":"mocked"},{"name":"http","status":"mocked"},{"name":"https","status":"mocked"},{"name":"https","status":"mocked"},{"name":"net","status":"mocked"}] {"metadata":{"emulator":{"name":"functions"},"message":"[runtime-status] [64341] Outgoing network have been stubbed. [{\"name\":\"http\",\"status\":\"mocked\"},{\"name\":\"http\",\"status\":\"mocked\"},{\"name\":\"https\",\"status\":\"mocked\"},{\"name\":\"https\",\"status\":\"mocked\"},{\"name\":\"net\",\"status\":\"mocked\"}]"}}
[debug] [2021-01-09T16:28:40.521Z] [runtime-status] [64341] Resolved module firebase-functions {"declared":true,"installed":true,"version":"3.13.0","resolution":"/Users/berkturan/Documents/GitHub/VoteNow/api/functions/node_modules/firebase-functions/lib/index.js"} {"metadata":{"emulator":{"name":"functions"},"message":"[runtime-status] [64341] Resolved module firebase-functions {\"declared\":true,\"installed\":true,\"version\":\"3.13.0\",\"resolution\":\"/Users/berkturan/Documents/GitHub/VoteNow/api/functions/node_modules/firebase-functions/lib/index.js\"}"}}
[debug] [2021-01-09T16:28:40.597Z] [runtime-status] [64341] Checked functions.config() {"config":{}} {"metadata":{"emulator":{"name":"functions"},"message":"[runtime-status] [64341] Checked functions.config() {\"config\":{}}"}}
[debug] [2021-01-09T16:28:40.597Z] [runtime-status] [64341] firebase-functions has been stubbed. {"functionsResolution":{"declared":true,"installed":true,"version":"3.13.0","resolution":"/Users/berkturan/Documents/GitHub/VoteNow/api/functions/node_modules/firebase-functions/lib/index.js"}} {"metadata":{"emulator":{"name":"functions"},"message":"[runtime-status] [64341] firebase-functions has been stubbed. {\"functionsResolution\":{\"declared\":true,\"installed\":true,\"version\":\"3.13.0\",\"resolution\":\"/Users/berkturan/Documents/GitHub/VoteNow/api/functions/node_modules/firebase-functions/lib/index.js\"}}"}}
[debug] [2021-01-09T16:28:40.597Z] [runtime-status] [64341] Resolved module firebase-functions {"declared":true,"installed":true,"version":"3.13.0","resolution":"/Users/berkturan/Documents/GitHub/VoteNow/api/functions/node_modules/firebase-functions/lib/index.js"} {"metadata":{"emulator":{"name":"functions"},"message":"[runtime-status] [64341] Resolved module firebase-functions {\"declared\":true,\"installed\":true,\"version\":\"3.13.0\",\"resolution\":\"/Users/berkturan/Documents/GitHub/VoteNow/api/functions/node_modules/firebase-functions/lib/index.js\"}"}}
[debug] [2021-01-09T16:28:40.599Z] [runtime-status] [64341] Resolved module firebase-admin {"declared":true,"installed":true,"version":"9.4.2","resolution":"/Users/berkturan/Documents/GitHub/VoteNow/api/functions/node_modules/firebase-admin/lib/index.js"} {"metadata":{"emulator":{"name":"functions"},"message":"[runtime-status] [64341] Resolved module firebase-admin {\"declared\":true,\"installed\":true,\"version\":\"9.4.2\",\"resolution\":\"/Users/berkturan/Documents/GitHub/VoteNow/api/functions/node_modules/firebase-admin/lib/index.js\"}"}}
[debug] [2021-01-09T16:28:40.599Z] [runtime-status] [64341] Resolved module firebase-functions {"declared":true,"installed":true,"version":"3.13.0","resolution":"/Users/berkturan/Documents/GitHub/VoteNow/api/functions/node_modules/firebase-functions/lib/index.js"} {"metadata":{"emulator":{"name":"functions"},"message":"[runtime-status] [64341] Resolved module firebase-functions {\"declared\":true,\"installed\":true,\"version\":\"3.13.0\",\"resolution\":\"/Users/berkturan/Documents/GitHub/VoteNow/api/functions/node_modules/firebase-functions/lib/index.js\"}"}}
[debug] [2021-01-09T16:28:40.600Z] [runtime-status] [64341] firebase-admin has been stubbed. {"adminResolution":{"declared":true,"installed":true,"version":"9.4.2","resolution":"/Users/berkturan/Documents/GitHub/VoteNow/api/functions/node_modules/firebase-admin/lib/index.js"}} {"metadata":{"emulator":{"name":"functions"},"message":"[runtime-status] [64341] firebase-admin has been stubbed. {\"adminResolution\":{\"declared\":true,\"installed\":true,\"version\":\"9.4.2\",\"resolution\":\"/Users/berkturan/Documents/GitHub/VoteNow/api/functions/node_modules/firebase-admin/lib/index.js\"}}"}}
[debug] [2021-01-09T16:28:40.603Z] [runtime-status] [64341] initializeApp(DEFAULT) {"storageBucket":"votenow-e5dc8.appspot.com","projectId":"votenow-e5dc8"} {"metadata":{"emulator":{"name":"functions"},"message":"[runtime-status] [64341] initializeApp(DEFAULT) {\"storageBucket\":\"votenow-e5dc8.appspot.com\",\"projectId\":\"votenow-e5dc8\"}"}}
[debug] [2021-01-09T16:28:40.611Z] [worker-~diagnostic~-29b27ddd-df89-460d-a122-8ed9cca2949a]: IDLE {"metadata":{"emulator":{"name":"functions"},"message":"[worker-~diagnostic~-29b27ddd-df89-460d-a122-8ed9cca2949a]: IDLE"}}
[info] ✔  functions[createElection]: http function initialized (http://localhost:5000/votenow-e5dc8/us-central1/createElection). {"metadata":{"emulator":{"name":"functions"},"message":"\u001b[1mhttp\u001b[22m function initialized (http://localhost:5000/votenow-e5dc8/us-central1/createElection)."}}
[info] ✔  functions[getAllElections]: http function initialized (http://localhost:5000/votenow-e5dc8/us-central1/getAllElections). {"metadata":{"emulator":{"name":"functions"},"message":"\u001b[1mhttp\u001b[22m function initialized (http://localhost:5000/votenow-e5dc8/us-central1/getAllElections)."}}
[info] ✔  functions[getElection]: http function initialized (http://localhost:5000/votenow-e5dc8/us-central1/getElection). {"metadata":{"emulator":{"name":"functions"},"message":"\u001b[1mhttp\u001b[22m function initialized (http://localhost:5000/votenow-e5dc8/us-central1/getElection)."}}
[info] ✔  functions[signUp]: http function initialized (http://localhost:5000/votenow-e5dc8/us-central1/signUp). {"metadata":{"emulator":{"name":"functions"},"message":"\u001b[1mhttp\u001b[22m function initialized (http://localhost:5000/votenow-e5dc8/us-central1/signUp)."}}
[info] ✔  functions[forgotPassword]: http function initialized (http://localhost:5000/votenow-e5dc8/us-central1/forgotPassword). {"metadata":{"emulator":{"name":"functions"},"message":"\u001b[1mhttp\u001b[22m function initialized (http://localhost:5000/votenow-e5dc8/us-central1/forgotPassword)."}}
