[debug] [2021-01-10T15:54:11.653Z] ----------------------------------------------------------------------
[debug] [2021-01-10T15:54:11.655Z] Command:       /usr/local/bin/node /usr/local/bin/firebase serve
[debug] [2021-01-10T15:54:11.655Z] CLI Version:   9.1.2
[debug] [2021-01-10T15:54:11.655Z] Platform:      darwin
[debug] [2021-01-10T15:54:11.655Z] Node Version:  v12.18.3
[debug] [2021-01-10T15:54:11.656Z] Time:          Sun Jan 10 2021 18:54:11 GMT+0300 (GMT+03:00)
[debug] [2021-01-10T15:54:11.656Z] ----------------------------------------------------------------------
[debug] [2021-01-10T15:54:11.656Z] 
[debug] [2021-01-10T15:54:11.663Z] > command requires scopes: ["email","openid","https://www.googleapis.com/auth/cloudplatformprojects.readonly","https://www.googleapis.com/auth/firebase","https://www.googleapis.com/auth/cloud-platform"]
[debug] [2021-01-10T15:54:11.664Z] > authorizing via signed-in user
[debug] [2021-01-10T15:54:11.664Z] [iam] checking project votenow-e5dc8 for permissions ["firebase.projects.get"]
[debug] [2021-01-10T15:54:11.666Z] > refreshing access token with scopes: ["email","https://www.googleapis.com/auth/cloud-platform","https://www.googleapis.com/auth/cloudplatformprojects.readonly","https://www.googleapis.com/auth/firebase","openid"]
[debug] [2021-01-10T15:54:11.666Z] >>> HTTP REQUEST POST https://www.googleapis.com/oauth2/v3/token  
 <request body omitted>
[debug] [2021-01-10T15:54:12.176Z] <<< HTTP RESPONSE 200 {"cache-control":"no-cache, no-store, max-age=0, must-revalidate","date":"Sun, 10 Jan 2021 15:54:12 GMT","expires":"Mon, 01 Jan 1990 00:00:00 GMT","pragma":"no-cache","content-type":"application/json; charset=utf-8","vary":"X-Origin, Referer, Origin,Accept-Encoding","server":"scaffolding on HTTPServer2","x-xss-protection":"0","x-frame-options":"SAMEORIGIN","x-content-type-options":"nosniff","alt-svc":"h3-29=\":443\"; ma=2592000,h3-T051=\":443\"; ma=2592000,h3-Q050=\":443\"; ma=2592000,h3-Q046=\":443\"; ma=2592000,h3-Q043=\":443\"; ma=2592000,quic=\":443\"; ma=2592000; v=\"46,43\"","accept-ranges":"none","transfer-encoding":"chunked"}
[debug] [2021-01-10T15:54:12.194Z] >>> HTTP REQUEST POST https://cloudresourcemanager.googleapis.com/v1/projects/votenow-e5dc8:testIamPermissions  
 {"permissions":["firebase.projects.get"]}
[debug] [2021-01-10T15:54:13.209Z] <<< HTTP RESPONSE 200 {"content-type":"application/json; charset=UTF-8","vary":"X-Origin, Referer, Origin,Accept-Encoding","date":"Sun, 10 Jan 2021 15:54:13 GMT","server":"ESF","cache-control":"private","x-xss-protection":"0","x-frame-options":"SAMEORIGIN","x-content-type-options":"nosniff","server-timing":"gfet4t7; dur=793","alt-svc":"h3-29=\":443\"; ma=2592000,h3-T051=\":443\"; ma=2592000,h3-Q050=\":443\"; ma=2592000,h3-Q046=\":443\"; ma=2592000,h3-Q043=\":443\"; ma=2592000,quic=\":443\"; ma=2592000; v=\"46,43\"","accept-ranges":"none","transfer-encoding":"chunked"}
[debug] [2021-01-10T15:54:13.210Z] >>> HTTP REQUEST GET https://firebase.googleapis.com/v1beta1/projects/votenow-e5dc8  
 
[debug] [2021-01-10T15:54:13.812Z] <<< HTTP RESPONSE 200 {"content-type":"application/json; charset=UTF-8","vary":"X-Origin, Referer, Origin,Accept-Encoding","date":"Sun, 10 Jan 2021 15:54:13 GMT","server":"ESF","cache-control":"private","x-xss-protection":"0","x-frame-options":"SAMEORIGIN","x-content-type-options":"nosniff","alt-svc":"h3-29=\":443\"; ma=2592000,h3-T051=\":443\"; ma=2592000,h3-Q050=\":443\"; ma=2592000,h3-Q046=\":443\"; ma=2592000,h3-Q043=\":443\"; ma=2592000,quic=\":443\"; ma=2592000; v=\"46,43\"","accept-ranges":"none","transfer-encoding":"chunked"}
[info] 
[info] === Serving from '/Users/berkturan/Documents/GitHub/VoteNow/api'...
[info] 
[info] ✔  functions: Using node@12 from host. {"metadata":{"emulator":{"name":"functions"},"message":"Using node@12 from host."}}
[debug] [2021-01-10T15:54:13.823Z] defaultcredentials: writing to file /Users/berkturan/.config/firebase/turannberk34_gmail_com_application_default_credentials.json
[debug] [2021-01-10T15:54:13.827Z] Setting GAC to /Users/berkturan/.config/firebase/turannberk34_gmail_com_application_default_credentials.json {"metadata":{"emulator":{"name":"functions"},"message":"Setting GAC to /Users/berkturan/.config/firebase/turannberk34_gmail_com_application_default_credentials.json"}}
[debug] [2021-01-10T15:54:13.828Z] > refreshing access token with scopes: []
[debug] [2021-01-10T15:54:13.828Z] >>> HTTP REQUEST POST https://www.googleapis.com/oauth2/v3/token  
 <request body omitted>
[debug] [2021-01-10T15:54:14.278Z] <<< HTTP RESPONSE 200 {"date":"Sun, 10 Jan 2021 15:54:14 GMT","pragma":"no-cache","cache-control":"no-cache, no-store, max-age=0, must-revalidate","expires":"Mon, 01 Jan 1990 00:00:00 GMT","content-type":"application/json; charset=utf-8","vary":"X-Origin, Referer, Origin,Accept-Encoding","server":"scaffolding on HTTPServer2","x-xss-protection":"0","x-frame-options":"SAMEORIGIN","x-content-type-options":"nosniff","alt-svc":"h3-29=\":443\"; ma=2592000,h3-T051=\":443\"; ma=2592000,h3-Q050=\":443\"; ma=2592000,h3-Q046=\":443\"; ma=2592000,h3-Q043=\":443\"; ma=2592000,quic=\":443\"; ma=2592000; v=\"46,43\"","accept-ranges":"none","transfer-encoding":"chunked"}
[debug] [2021-01-10T15:54:14.294Z] >>> [apiv2][query] GET https://firebase.googleapis.com/v1beta1/projects/votenow-e5dc8/adminSdkConfig [none]
[debug] [2021-01-10T15:54:14.911Z] <<< [apiv2][status] GET https://firebase.googleapis.com/v1beta1/projects/votenow-e5dc8/adminSdkConfig 200
[debug] [2021-01-10T15:54:14.912Z] <<< [apiv2][body] GET https://firebase.googleapis.com/v1beta1/projects/votenow-e5dc8/adminSdkConfig {"projectId":"votenow-e5dc8","storageBucket":"votenow-e5dc8.appspot.com","locationId":"us-central"}
[info] i  functions: Watching "/Users/berkturan/Documents/GitHub/VoteNow/api/functions" for Cloud Functions... {"metadata":{"emulator":{"name":"functions"},"message":"Watching \"/Users/berkturan/Documents/GitHub/VoteNow/api/functions\" for Cloud Functions..."}}
[debug] [2021-01-10T15:54:14.947Z] [worker-pool] addWorker(~diagnostic~) {"metadata":{"emulator":{"name":"functions"},"message":"[worker-pool] addWorker(~diagnostic~)"}}
[debug] [2021-01-10T15:54:14.947Z] [worker-pool] Adding worker with key ~diagnostic~, total=1 {"metadata":{"emulator":{"name":"functions"},"message":"[worker-pool] Adding worker with key ~diagnostic~, total=1"}}
[debug] [2021-01-10T15:54:14.947Z] [worker-pool] submitWork(triggerId=) {"metadata":{"emulator":{"name":"functions"},"message":"[worker-pool] submitWork(triggerId=)"}}
[debug] [2021-01-10T15:54:14.948Z] [worker-~diagnostic~-82db7b30-7745-41ec-a055-ef6d8b8d9ccf]: Assigning socketPath: /var/folders/f8/mnlbh161585_4785c_q19v1r0000gn/T/fire_emu_23320.sock {"metadata":{"emulator":{"name":"functions"},"message":"[worker-~diagnostic~-82db7b30-7745-41ec-a055-ef6d8b8d9ccf]: Assigning socketPath: /var/folders/f8/mnlbh161585_4785c_q19v1r0000gn/T/fire_emu_23320.sock"}}
[debug] [2021-01-10T15:54:14.948Z] [worker-~diagnostic~-82db7b30-7745-41ec-a055-ef6d8b8d9ccf]: BUSY {"metadata":{"emulator":{"name":"functions"},"message":"[worker-~diagnostic~-82db7b30-7745-41ec-a055-ef6d8b8d9ccf]: BUSY"}}
[debug] [2021-01-10T15:54:15.107Z] [runtime-status] [23320] Functions runtime initialized. {"cwd":"/Users/berkturan/Documents/GitHub/VoteNow/api/functions","node_version":"12.18.3"} {"metadata":{"emulator":{"name":"functions"},"message":"[runtime-status] [23320] Functions runtime initialized. {\"cwd\":\"/Users/berkturan/Documents/GitHub/VoteNow/api/functions\",\"node_version\":\"12.18.3\"}"}}
[debug] [2021-01-10T15:54:15.108Z] [runtime-status] [23320] Disabled runtime features: undefined {"metadata":{"emulator":{"name":"functions"},"message":"[runtime-status] [23320] Disabled runtime features: undefined"}}
[debug] [2021-01-10T15:54:15.110Z] [runtime-status] [23320] Resolved module firebase-admin {"declared":true,"installed":true,"version":"8.13.0","resolution":"/Users/berkturan/node_modules/firebase-admin/lib/index.js"} {"metadata":{"emulator":{"name":"functions"},"message":"[runtime-status] [23320] Resolved module firebase-admin {\"declared\":true,\"installed\":true,\"version\":\"8.13.0\",\"resolution\":\"/Users/berkturan/node_modules/firebase-admin/lib/index.js\"}"}}
[debug] [2021-01-10T15:54:15.112Z] [runtime-status] [23320] Resolved module firebase-functions {"declared":true,"installed":true,"version":"3.13.0","resolution":"/Users/berkturan/node_modules/firebase-functions/lib/index.js"} {"metadata":{"emulator":{"name":"functions"},"message":"[runtime-status] [23320] Resolved module firebase-functions {\"declared\":true,\"installed\":true,\"version\":\"3.13.0\",\"resolution\":\"/Users/berkturan/node_modules/firebase-functions/lib/index.js\"}"}}
[debug] [2021-01-10T15:54:15.112Z] [runtime-status] [23320] Resolved module firebase-functions {"declared":true,"installed":true,"version":"3.13.0","resolution":"/Users/berkturan/node_modules/firebase-functions/lib/index.js"} {"metadata":{"emulator":{"name":"functions"},"message":"[runtime-status] [23320] Resolved module firebase-functions {\"declared\":true,\"installed\":true,\"version\":\"3.13.0\",\"resolution\":\"/Users/berkturan/node_modules/firebase-functions/lib/index.js\"}"}}
[debug] [2021-01-10T15:54:15.114Z] [runtime-status] [23320] Outgoing network have been stubbed. [{"name":"http","status":"mocked"},{"name":"http","status":"mocked"},{"name":"https","status":"mocked"},{"name":"https","status":"mocked"},{"name":"net","status":"mocked"}] {"metadata":{"emulator":{"name":"functions"},"message":"[runtime-status] [23320] Outgoing network have been stubbed. [{\"name\":\"http\",\"status\":\"mocked\"},{\"name\":\"http\",\"status\":\"mocked\"},{\"name\":\"https\",\"status\":\"mocked\"},{\"name\":\"https\",\"status\":\"mocked\"},{\"name\":\"net\",\"status\":\"mocked\"}]"}}
[debug] [2021-01-10T15:54:15.114Z] [runtime-status] [23320] Resolved module firebase-functions {"declared":true,"installed":true,"version":"3.13.0","resolution":"/Users/berkturan/node_modules/firebase-functions/lib/index.js"} {"metadata":{"emulator":{"name":"functions"},"message":"[runtime-status] [23320] Resolved module firebase-functions {\"declared\":true,\"installed\":true,\"version\":\"3.13.0\",\"resolution\":\"/Users/berkturan/node_modules/firebase-functions/lib/index.js\"}"}}
[debug] [2021-01-10T15:54:15.143Z] [runtime-status] [23320] Checked functions.config() {"config":{}} {"metadata":{"emulator":{"name":"functions"},"message":"[runtime-status] [23320] Checked functions.config() {\"config\":{}}"}}
[debug] [2021-01-10T15:54:15.144Z] [runtime-status] [23320] firebase-functions has been stubbed. {"functionsResolution":{"declared":true,"installed":true,"version":"3.13.0","resolution":"/Users/berkturan/node_modules/firebase-functions/lib/index.js"}} {"metadata":{"emulator":{"name":"functions"},"message":"[runtime-status] [23320] firebase-functions has been stubbed. {\"functionsResolution\":{\"declared\":true,\"installed\":true,\"version\":\"3.13.0\",\"resolution\":\"/Users/berkturan/node_modules/firebase-functions/lib/index.js\"}}"}}
[debug] [2021-01-10T15:54:15.144Z] [runtime-status] [23320] Resolved module firebase-functions {"declared":true,"installed":true,"version":"3.13.0","resolution":"/Users/berkturan/node_modules/firebase-functions/lib/index.js"} {"metadata":{"emulator":{"name":"functions"},"message":"[runtime-status] [23320] Resolved module firebase-functions {\"declared\":true,\"installed\":true,\"version\":\"3.13.0\",\"resolution\":\"/Users/berkturan/node_modules/firebase-functions/lib/index.js\"}"}}
[debug] [2021-01-10T15:54:15.145Z] [runtime-status] [23320] Resolved module firebase-admin {"declared":true,"installed":true,"version":"8.13.0","resolution":"/Users/berkturan/node_modules/firebase-admin/lib/index.js"} {"metadata":{"emulator":{"name":"functions"},"message":"[runtime-status] [23320] Resolved module firebase-admin {\"declared\":true,\"installed\":true,\"version\":\"8.13.0\",\"resolution\":\"/Users/berkturan/node_modules/firebase-admin/lib/index.js\"}"}}
[debug] [2021-01-10T15:54:15.145Z] [runtime-status] [23320] Resolved module firebase-functions {"declared":true,"installed":true,"version":"3.13.0","resolution":"/Users/berkturan/node_modules/firebase-functions/lib/index.js"} {"metadata":{"emulator":{"name":"functions"},"message":"[runtime-status] [23320] Resolved module firebase-functions {\"declared\":true,\"installed\":true,\"version\":\"3.13.0\",\"resolution\":\"/Users/berkturan/node_modules/firebase-functions/lib/index.js\"}"}}
[debug] [2021-01-10T15:54:15.145Z] [runtime-status] [23320] firebase-admin has been stubbed. {"adminResolution":{"declared":true,"installed":true,"version":"8.13.0","resolution":"/Users/berkturan/node_modules/firebase-admin/lib/index.js"}} {"metadata":{"emulator":{"name":"functions"},"message":"[runtime-status] [23320] firebase-admin has been stubbed. {\"adminResolution\":{\"declared\":true,\"installed\":true,\"version\":\"8.13.0\",\"resolution\":\"/Users/berkturan/node_modules/firebase-admin/lib/index.js\"}}"}}
[debug] [2021-01-10T15:54:15.276Z] [runtime-status] [23320] initializeApp(DEFAULT) {"apiKey":"AIzaSyC8iVJRnPaTbAQb51nkMrDzx8G2iP5-ln8","authDomain":"votenow-e5dc8.firebaseapp.com","projectId":"votenow-e5dc8","storageBucket":"votenow-e5dc8.appspot.com","messagingSenderId":"564993989783","appId":"1:564993989783:web:90ed60e1ea7fdbddbcddd2","measurementId":"G-S42QHJLE3Q"} {"metadata":{"emulator":{"name":"functions"},"message":"[runtime-status] [23320] initializeApp(DEFAULT) {\"apiKey\":\"AIzaSyC8iVJRnPaTbAQb51nkMrDzx8G2iP5-ln8\",\"authDomain\":\"votenow-e5dc8.firebaseapp.com\",\"projectId\":\"votenow-e5dc8\",\"storageBucket\":\"votenow-e5dc8.appspot.com\",\"messagingSenderId\":\"564993989783\",\"appId\":\"1:564993989783:web:90ed60e1ea7fdbddbcddd2\",\"measurementId\":\"G-S42QHJLE3Q\"}"}}
[info] ✔  functions[createElection]: http function initialized (http://localhost:5000/votenow-e5dc8/us-central1/createElection). {"metadata":{"emulator":{"name":"functions"},"message":"\u001b[1mhttp\u001b[22m function initialized (http://localhost:5000/votenow-e5dc8/us-central1/createElection)."}}
[info] ✔  functions[getAllElections]: http function initialized (http://localhost:5000/votenow-e5dc8/us-central1/getAllElections). {"metadata":{"emulator":{"name":"functions"},"message":"\u001b[1mhttp\u001b[22m function initialized (http://localhost:5000/votenow-e5dc8/us-central1/getAllElections)."}}
[info] ✔  functions[getElection]: http function initialized (http://localhost:5000/votenow-e5dc8/us-central1/getElection). {"metadata":{"emulator":{"name":"functions"},"message":"\u001b[1mhttp\u001b[22m function initialized (http://localhost:5000/votenow-e5dc8/us-central1/getElection)."}}
[info] ✔  functions[addCandidate]: http function initialized (http://localhost:5000/votenow-e5dc8/us-central1/addCandidate). {"metadata":{"emulator":{"name":"functions"},"message":"\u001b[1mhttp\u001b[22m function initialized (http://localhost:5000/votenow-e5dc8/us-central1/addCandidate)."}}
[info] ✔  functions[signUp]: http function initialized (http://localhost:5000/votenow-e5dc8/us-central1/signUp). {"metadata":{"emulator":{"name":"functions"},"message":"\u001b[1mhttp\u001b[22m function initialized (http://localhost:5000/votenow-e5dc8/us-central1/signUp)."}}
[info] ✔  functions[signIn]: http function initialized (http://localhost:5000/votenow-e5dc8/us-central1/signIn). {"metadata":{"emulator":{"name":"functions"},"message":"\u001b[1mhttp\u001b[22m function initialized (http://localhost:5000/votenow-e5dc8/us-central1/signIn)."}}
[info] ✔  functions[createSurvey]: http function initialized (http://localhost:5000/votenow-e5dc8/us-central1/createSurvey). {"metadata":{"emulator":{"name":"functions"},"message":"\u001b[1mhttp\u001b[22m function initialized (http://localhost:5000/votenow-e5dc8/us-central1/createSurvey)."}}
[info] ✔  functions[addOption]: http function initialized (http://localhost:5000/votenow-e5dc8/us-central1/addOption). {"metadata":{"emulator":{"name":"functions"},"message":"\u001b[1mhttp\u001b[22m function initialized (http://localhost:5000/votenow-e5dc8/us-central1/addOption)."}}
[info] ✔  functions[voteElection]: http function initialized (http://localhost:5000/votenow-e5dc8/us-central1/voteElection). {"metadata":{"emulator":{"name":"functions"},"message":"\u001b[1mhttp\u001b[22m function initialized (http://localhost:5000/votenow-e5dc8/us-central1/voteElection)."}}
[debug] [2021-01-10T15:54:15.280Z] [worker-~diagnostic~-82db7b30-7745-41ec-a055-ef6d8b8d9ccf]: IDLE {"metadata":{"emulator":{"name":"functions"},"message":"[worker-~diagnostic~-82db7b30-7745-41ec-a055-ef6d8b8d9ccf]: IDLE"}}
[debug] [2021-01-10T15:54:19.389Z] [work-queue] {"queueLength":1,"workRunningCount":0}
[debug] [2021-01-10T15:54:19.389Z] [work-queue] {"queueLength":0,"workRunningCount":1}
[debug] [2021-01-10T15:54:19.389Z] Accepted request POST /votenow-e5dc8/us-central1/createElection --> createElection
[debug] [2021-01-10T15:54:19.394Z] [worker-pool] addWorker(createElection) {"metadata":{"emulator":{"name":"functions"},"message":"[worker-pool] addWorker(createElection)"}}
[debug] [2021-01-10T15:54:19.395Z] [worker-pool] Adding worker with key createElection, total=1 {"metadata":{"emulator":{"name":"functions"},"message":"[worker-pool] Adding worker with key createElection, total=1"}}
[debug] [2021-01-10T15:54:19.395Z] [worker-pool] submitWork(triggerId=createElection) {"metadata":{"emulator":{"name":"functions"},"message":"[worker-pool] submitWork(triggerId=createElection)"}}
[debug] [2021-01-10T15:54:19.395Z] [worker-createElection-ee40b7d1-ffc1-4fa9-8c20-8bdb93f45328]: Assigning socketPath: /var/folders/f8/mnlbh161585_4785c_q19v1r0000gn/T/fire_emu_23327.sock {"metadata":{"emulator":{"name":"functions"},"message":"[worker-createElection-ee40b7d1-ffc1-4fa9-8c20-8bdb93f45328]: Assigning socketPath: /var/folders/f8/mnlbh161585_4785c_q19v1r0000gn/T/fire_emu_23327.sock"}}
[debug] [2021-01-10T15:54:19.396Z] [worker-createElection-ee40b7d1-ffc1-4fa9-8c20-8bdb93f45328]: BUSY {"metadata":{"emulator":{"name":"functions"},"message":"[worker-createElection-ee40b7d1-ffc1-4fa9-8c20-8bdb93f45328]: BUSY"}}
[debug] [2021-01-10T15:54:19.651Z] [runtime-status] [23327] Functions runtime initialized. {"cwd":"/Users/berkturan/Documents/GitHub/VoteNow/api/functions","node_version":"12.18.3"} {"metadata":{"emulator":{"name":"functions"},"function":{"name":"createElection"},"message":"[runtime-status] [23327] Functions runtime initialized. {\"cwd\":\"/Users/berkturan/Documents/GitHub/VoteNow/api/functions\",\"node_version\":\"12.18.3\"}"}}
[debug] [2021-01-10T15:54:19.652Z] [runtime-status] [23327] Disabled runtime features: undefined {"metadata":{"emulator":{"name":"functions"},"function":{"name":"createElection"},"message":"[runtime-status] [23327] Disabled runtime features: undefined"}}
[debug] [2021-01-10T15:54:19.654Z] [runtime-status] [23327] Resolved module firebase-admin {"declared":true,"installed":true,"version":"8.13.0","resolution":"/Users/berkturan/node_modules/firebase-admin/lib/index.js"} {"metadata":{"emulator":{"name":"functions"},"function":{"name":"createElection"},"message":"[runtime-status] [23327] Resolved module firebase-admin {\"declared\":true,\"installed\":true,\"version\":\"8.13.0\",\"resolution\":\"/Users/berkturan/node_modules/firebase-admin/lib/index.js\"}"}}
[debug] [2021-01-10T15:54:19.656Z] [runtime-status] [23327] Resolved module firebase-functions {"declared":true,"installed":true,"version":"3.13.0","resolution":"/Users/berkturan/node_modules/firebase-functions/lib/index.js"} {"metadata":{"emulator":{"name":"functions"},"function":{"name":"createElection"},"message":"[runtime-status] [23327] Resolved module firebase-functions {\"declared\":true,\"installed\":true,\"version\":\"3.13.0\",\"resolution\":\"/Users/berkturan/node_modules/firebase-functions/lib/index.js\"}"}}
[debug] [2021-01-10T15:54:19.657Z] [runtime-status] [23327] Resolved module firebase-functions {"declared":true,"installed":true,"version":"3.13.0","resolution":"/Users/berkturan/node_modules/firebase-functions/lib/index.js"} {"metadata":{"emulator":{"name":"functions"},"function":{"name":"createElection"},"message":"[runtime-status] [23327] Resolved module firebase-functions {\"declared\":true,\"installed\":true,\"version\":\"3.13.0\",\"resolution\":\"/Users/berkturan/node_modules/firebase-functions/lib/index.js\"}"}}
[debug] [2021-01-10T15:54:19.659Z] [runtime-status] [23327] Outgoing network have been stubbed. [{"name":"http","status":"mocked"},{"name":"http","status":"mocked"},{"name":"https","status":"mocked"},{"name":"https","status":"mocked"},{"name":"net","status":"mocked"}] {"metadata":{"emulator":{"name":"functions"},"function":{"name":"createElection"},"message":"[runtime-status] [23327] Outgoing network have been stubbed. [{\"name\":\"http\",\"status\":\"mocked\"},{\"name\":\"http\",\"status\":\"mocked\"},{\"name\":\"https\",\"status\":\"mocked\"},{\"name\":\"https\",\"status\":\"mocked\"},{\"name\":\"net\",\"status\":\"mocked\"}]"}}
[debug] [2021-01-10T15:54:19.660Z] [runtime-status] [23327] Resolved module firebase-functions {"declared":true,"installed":true,"version":"3.13.0","resolution":"/Users/berkturan/node_modules/firebase-functions/lib/index.js"} {"metadata":{"emulator":{"name":"functions"},"function":{"name":"createElection"},"message":"[runtime-status] [23327] Resolved module firebase-functions {\"declared\":true,\"installed\":true,\"version\":\"3.13.0\",\"resolution\":\"/Users/berkturan/node_modules/firebase-functions/lib/index.js\"}"}}
[debug] [2021-01-10T15:54:19.698Z] [runtime-status] [23327] Checked functions.config() {"config":{}} {"metadata":{"emulator":{"name":"functions"},"function":{"name":"createElection"},"message":"[runtime-status] [23327] Checked functions.config() {\"config\":{}}"}}
[debug] [2021-01-10T15:54:19.699Z] [runtime-status] [23327] firebase-functions has been stubbed. {"functionsResolution":{"declared":true,"installed":true,"version":"3.13.0","resolution":"/Users/berkturan/node_modules/firebase-functions/lib/index.js"}} {"metadata":{"emulator":{"name":"functions"},"function":{"name":"createElection"},"message":"[runtime-status] [23327] firebase-functions has been stubbed. {\"functionsResolution\":{\"declared\":true,\"installed\":true,\"version\":\"3.13.0\",\"resolution\":\"/Users/berkturan/node_modules/firebase-functions/lib/index.js\"}}"}}
[debug] [2021-01-10T15:54:19.699Z] [runtime-status] [23327] Resolved module firebase-functions {"declared":true,"installed":true,"version":"3.13.0","resolution":"/Users/berkturan/node_modules/firebase-functions/lib/index.js"} {"metadata":{"emulator":{"name":"functions"},"function":{"name":"createElection"},"message":"[runtime-status] [23327] Resolved module firebase-functions {\"declared\":true,\"installed\":true,\"version\":\"3.13.0\",\"resolution\":\"/Users/berkturan/node_modules/firebase-functions/lib/index.js\"}"}}
[debug] [2021-01-10T15:54:19.700Z] [runtime-status] [23327] Resolved module firebase-admin {"declared":true,"installed":true,"version":"8.13.0","resolution":"/Users/berkturan/node_modules/firebase-admin/lib/index.js"} {"metadata":{"emulator":{"name":"functions"},"function":{"name":"createElection"},"message":"[runtime-status] [23327] Resolved module firebase-admin {\"declared\":true,\"installed\":true,\"version\":\"8.13.0\",\"resolution\":\"/Users/berkturan/node_modules/firebase-admin/lib/index.js\"}"}}
[debug] [2021-01-10T15:54:19.700Z] [runtime-status] [23327] Resolved module firebase-functions {"declared":true,"installed":true,"version":"3.13.0","resolution":"/Users/berkturan/node_modules/firebase-functions/lib/index.js"} {"metadata":{"emulator":{"name":"functions"},"function":{"name":"createElection"},"message":"[runtime-status] [23327] Resolved module firebase-functions {\"declared\":true,\"installed\":true,\"version\":\"3.13.0\",\"resolution\":\"/Users/berkturan/node_modules/firebase-functions/lib/index.js\"}"}}
[debug] [2021-01-10T15:54:19.700Z] [runtime-status] [23327] firebase-admin has been stubbed. {"adminResolution":{"declared":true,"installed":true,"version":"8.13.0","resolution":"/Users/berkturan/node_modules/firebase-admin/lib/index.js"}} {"metadata":{"emulator":{"name":"functions"},"function":{"name":"createElection"},"message":"[runtime-status] [23327] firebase-admin has been stubbed. {\"adminResolution\":{\"declared\":true,\"installed\":true,\"version\":\"8.13.0\",\"resolution\":\"/Users/berkturan/node_modules/firebase-admin/lib/index.js\"}}"}}
[debug] [2021-01-10T15:54:19.838Z] [runtime-status] [23327] initializeApp(DEFAULT) {"apiKey":"AIzaSyC8iVJRnPaTbAQb51nkMrDzx8G2iP5-ln8","authDomain":"votenow-e5dc8.firebaseapp.com","projectId":"votenow-e5dc8","storageBucket":"votenow-e5dc8.appspot.com","messagingSenderId":"564993989783","appId":"1:564993989783:web:90ed60e1ea7fdbddbcddd2","measurementId":"G-S42QHJLE3Q"} {"metadata":{"emulator":{"name":"functions"},"function":{"name":"createElection"},"message":"[runtime-status] [23327] initializeApp(DEFAULT) {\"apiKey\":\"AIzaSyC8iVJRnPaTbAQb51nkMrDzx8G2iP5-ln8\",\"authDomain\":\"votenow-e5dc8.firebaseapp.com\",\"projectId\":\"votenow-e5dc8\",\"storageBucket\":\"votenow-e5dc8.appspot.com\",\"messagingSenderId\":\"564993989783\",\"appId\":\"1:564993989783:web:90ed60e1ea7fdbddbcddd2\",\"measurementId\":\"G-S42QHJLE3Q\"}"}}
[debug] [2021-01-10T15:54:19.840Z] [runtime-status] [23327] Trigger "createElection" has been found, beginning invocation! {"metadata":{"emulator":{"name":"functions"},"function":{"name":"createElection"},"message":"[runtime-status] [23327] Trigger \"createElection\" has been found, beginning invocation!"}}
[info] i  functions: Beginning execution of "createElection" {"metadata":{"emulator":{"name":"functions"},"function":{"name":"createElection"},"message":"Beginning execution of \"createElection\""}}
[debug] [2021-01-10T15:54:19.840Z] [runtime-status] [23327] triggerDefinition {"httpsTrigger":{},"name":"createElection","entryPoint":"createElection"} {"metadata":{"emulator":{"name":"functions"},"function":{"name":"createElection"},"message":"[runtime-status] [23327] triggerDefinition {\"httpsTrigger\":{},\"name\":\"createElection\",\"entryPoint\":\"createElection\"}"}}
[debug] [2021-01-10T15:54:19.840Z] [runtime-status] [23327] Running createElection in mode HTTPS {"metadata":{"emulator":{"name":"functions"},"function":{"name":"createElection"},"message":"[runtime-status] [23327] Running createElection in mode HTTPS"}}
[debug] [2021-01-10T15:54:19.844Z] [runtime-status] [23327] Attempting to listen to socketPath: /var/folders/f8/mnlbh161585_4785c_q19v1r0000gn/T/fire_emu_23327.sock {"metadata":{"emulator":{"name":"functions"},"function":{"name":"createElection"},"message":"[runtime-status] [23327] Attempting to listen to socketPath: /var/folders/f8/mnlbh161585_4785c_q19v1r0000gn/T/fire_emu_23327.sock"}}
[debug] [2021-01-10T15:54:19.848Z] [functions] Runtime ready! Sending request! {"metadata":{"emulator":{"name":"functions"},"message":"[functions] Runtime ready! Sending request!"}}
[debug] [2021-01-10T15:54:19.870Z] [runtime-status] [23327] Ephemeral server handling POST request {"metadata":{"emulator":{"name":"functions"},"function":{"name":"createElection"},"message":"[runtime-status] [23327] Ephemeral server handling POST request"}}
[warn] ⚠  functions: The Cloud Firestore emulator is not running, so calls to Firestore will affect production. {"metadata":{"emulator":{"name":"functions"},"function":{"name":"createElection"},"message":"The Cloud Firestore emulator is not running, so calls to Firestore will affect production."}}
[debug] [2021-01-10T15:54:20.106Z] [runtime-status] [23327] Ephemeral server survived. {"metadata":{"emulator":{"name":"functions"},"function":{"name":"createElection"},"message":"[runtime-status] [23327] Ephemeral server survived."}}
[warn] ⚠  Google API requested!
   - URL: "https://oauth2.googleapis.com/token"
   - Be careful, this may be a production service. {"metadata":{"emulator":{"name":"functions"},"function":{"name":"createElection"},"message":"Google API requested!\n   - URL: \"https://oauth2.googleapis.com/token\"\n   - Be careful, this may be a production service."}}
[info] i  functions: Finished "createElection" in ~1s {"metadata":{"emulator":{"name":"functions"},"function":{"name":"createElection"},"message":"Finished \"createElection\" in ~1s"}}
[debug] [2021-01-10T15:54:21.151Z] [worker-createElection-ee40b7d1-ffc1-4fa9-8c20-8bdb93f45328]: IDLE {"metadata":{"emulator":{"name":"functions"},"message":"[worker-createElection-ee40b7d1-ffc1-4fa9-8c20-8bdb93f45328]: IDLE"}}
[debug] [2021-01-10T15:54:21.151Z] [work-queue] {"queueLength":0,"workRunningCount":0}
